<?xml version="1.0" encoding="UTF-8"?>
<!-- Generated by org.testng.reporters.JUnitReportReporter -->
<testsuite skipped="0" hostname="DESKTOP-OCD6DQJ" name="com.myntra.qa.testcases.LoginPageTest" tests="1" failures="0" timestamp="11 May 2018 06:23:51 GMT" time="41.885" errors="0">
  <testcase name="LoginTest" time="41.885" classname="com.myntra.qa.testcases.LoginPageTest"/>
</testsuite> <!-- com.myntra.qa.testcases.LoginPageTest -->
