<?xml version="1.0" encoding="UTF-8"?>
<!-- Generated by org.testng.reporters.JUnitReportReporter -->
<testsuite skipped="0" hostname="DESKTOP-OCD6DQJ" name="com.myntra.qa.testcases.HomePageTest" tests="2" failures="0" timestamp="11 May 2018 07:20:41 GMT" time="89.305" errors="0">
  <testcase name="LoginTest" time="48.467" classname="com.myntra.qa.testcases.HomePageTest"/>
  <testcase name="AlertTest" time="40.838" classname="com.myntra.qa.testcases.HomePageTest"/>
</testsuite> <!-- com.myntra.qa.testcases.HomePageTest -->
